2024-08-01 15:07:04.834 [info] Log level: Info
2024-08-01 15:07:04.834 [info] Validating found git in: "git"
2024-08-01 15:07:04.834 [info] Using git "2.43.0" from "git"
2024-08-01 15:07:04.834 [info] > git rev-parse --show-toplevel [3ms]
2024-08-01 15:07:04.834 [info] > git rev-parse --git-dir --git-common-dir [2ms]
2024-08-01 15:07:04.834 [info] Open repository: /workspace/project
2024-08-01 15:07:04.834 [info] > git config --get commit.template [6ms]
2024-08-01 15:07:04.834 [info] > git rev-parse --show-toplevel [2ms]
2024-08-01 15:07:04.834 [info] > git for-each-ref --format=%(refname)%00%(upstream:short)%00%(objectname)%00%(upstream:track)%00%(upstream:remotename)%00%(upstream:remoteref) refs/heads/main refs/remotes/main [15ms]
2024-08-01 15:07:04.834 [info] > git rev-parse --show-toplevel [1ms]
2024-08-01 15:07:04.834 [warning] ENOENT: no such file or directory, open '/workspace/project/.git/refs/remotes/origin/main'
2024-08-01 15:07:04.834 [info] > git rev-parse refs/remotes/origin/main [3ms]
2024-08-01 15:07:04.834 [info] > git status -z -uall [3ms]
2024-08-01 15:07:04.834 [info] > git for-each-ref --format=%(refname)%00%(upstream:short)%00%(objectname)%00%(upstream:track)%00%(upstream:remotename)%00%(upstream:remoteref) refs/heads/main refs/remotes/main [14ms]
2024-08-01 15:07:04.834 [info] > git config --get commit.template [7ms]
2024-08-01 15:07:04.834 [info] > git config --local branch.main.vscode-merge-base [141ms]
2024-08-01 15:07:04.834 [warning] git config failed: Failed to execute git
2024-08-01 15:07:04.834 [info] > git reflog main --grep-reflog=branch: Created from *. [8ms]
2024-08-01 15:07:04.834 [info] > git for-each-ref --format=%(refname)%00%(upstream:short)%00%(objectname)%00%(upstream:track)%00%(upstream:remotename)%00%(upstream:remoteref) refs/heads/main refs/remotes/main [154ms]
2024-08-01 15:07:04.834 [warning] ENOENT: no such file or directory, open '/workspace/project/.git/refs/remotes/origin/main'
2024-08-01 15:07:04.834 [info] > git symbolic-ref --short refs/remotes/origin/HEAD [9ms]
2024-08-01 15:07:04.834 [info] > git rev-parse refs/remotes/origin/main [8ms]
2024-08-01 15:07:04.834 [info] > git for-each-ref --format=%(refname)%00%(upstream:short)%00%(objectname)%00%(upstream:track)%00%(upstream:remotename)%00%(upstream:remoteref) refs/heads/origin/main refs/remotes/origin/main [8ms]
2024-08-01 15:07:04.834 [info] > git status -z -uall [38ms]
2024-08-01 15:07:04.834 [info] > git for-each-ref --format=%(refname)%00%(upstream:short)%00%(objectname)%00%(upstream:track)%00%(upstream:remotename)%00%(upstream:remoteref) refs/heads/main refs/remotes/main [5ms]
2024-08-01 15:07:04.834 [info] > git config --local branch.main.vscode-merge-base origin/main [50ms]
2024-08-01 15:07:04.834 [info] > git config --local branch.main.vscode-merge-base [10ms]
2024-08-01 15:07:04.834 [info] > git config --get commit.template [10ms]
2024-08-01 15:07:04.834 [info] > git for-each-ref --format=%(refname)%00%(upstream:short)%00%(objectname)%00%(upstream:track)%00%(upstream:remotename)%00%(upstream:remoteref) refs/heads/origin/main refs/remotes/origin/main [8ms]
2024-08-01 15:07:04.834 [info] > git for-each-ref --format=%(refname)%00%(upstream:short)%00%(objectname)%00%(upstream:track)%00%(upstream:remotename)%00%(upstream:remoteref) refs/heads/main refs/remotes/main [8ms]
2024-08-01 15:07:04.834 [warning] ENOENT: no such file or directory, open '/workspace/project/.git/refs/remotes/origin/main'
2024-08-01 15:07:04.834 [info] > git merge-base refs/heads/main refs/remotes/origin/main [6ms]
2024-08-01 15:07:04.834 [info] > git rev-parse refs/remotes/origin/main [8ms]
2024-08-01 15:07:04.834 [info] > git status -z -uall [13ms]
2024-08-01 15:07:04.834 [info] > git rev-list --count --left-right refs/heads/main...refs/remotes/origin/main [20ms]
2024-08-01 15:07:04.834 [info] > git diff --name-status -z --diff-filter=ADMR ebef6c6b5a5bd079e5abd81c2740b1261740ce15...refs/remotes/origin/main [15ms]
2024-08-01 15:07:04.834 [info] > git for-each-ref --format=%(refname)%00%(upstream:short)%00%(objectname)%00%(upstream:track)%00%(upstream:remotename)%00%(upstream:remoteref) refs/heads/main refs/remotes/main [10ms]
2024-08-01 15:07:04.834 [info] > git config --local branch.main.vscode-merge-base [10ms]
2024-08-01 15:07:04.844 [info] > git for-each-ref --format=%(refname)%00%(upstream:short)%00%(objectname)%00%(upstream:track)%00%(upstream:remotename)%00%(upstream:remoteref) refs/heads/origin/main refs/remotes/origin/main [13ms]
2024-08-01 15:07:05.343 [info] > git check-ignore -v -z --stdin [3ms]
2024-08-01 15:07:06.218 [info] > git config --get commit.template [6ms]
2024-08-01 15:07:06.220 [info] > git for-each-ref --format=%(refname)%00%(upstream:short)%00%(objectname)%00%(upstream:track)%00%(upstream:remotename)%00%(upstream:remoteref) refs/heads/main refs/remotes/main [3ms]
2024-08-01 15:07:06.225 [warning] ENOENT: no such file or directory, open '/workspace/project/.git/refs/remotes/origin/main'
2024-08-01 15:07:06.226 [info] > git rev-parse refs/remotes/origin/main [1ms]
2024-08-01 15:07:06.234 [info] > git status -z -uall [2ms]
2024-08-01 15:07:06.241 [info] > git for-each-ref --format=%(refname)%00%(upstream:short)%00%(objectname)%00%(upstream:track)%00%(upstream:remotename)%00%(upstream:remoteref) refs/heads/main refs/remotes/main [1ms]
2024-08-01 15:07:06.246 [info] > git config --local branch.main.vscode-merge-base [1ms]
2024-08-01 15:07:06.253 [info] > git for-each-ref --format=%(refname)%00%(upstream:short)%00%(objectname)%00%(upstream:track)%00%(upstream:remotename)%00%(upstream:remoteref) refs/heads/origin/main refs/remotes/origin/main [2ms]
2024-08-01 15:07:09.490 [info] > git config --local branch.main.github-pr-owner-number [2ms]
2024-08-01 15:07:09.490 [warning] git config failed: Failed to execute git
2024-08-01 15:07:11.251 [info] > git config --get commit.template [6ms]
2024-08-01 15:07:11.252 [info] > git for-each-ref --format=%(refname)%00%(upstream:short)%00%(objectname)%00%(upstream:track)%00%(upstream:remotename)%00%(upstream:remoteref) refs/heads/main refs/remotes/main [2ms]
2024-08-01 15:07:11.257 [warning] ENOENT: no such file or directory, open '/workspace/project/.git/refs/remotes/origin/main'
2024-08-01 15:07:11.258 [info] > git rev-parse refs/remotes/origin/main [1ms]
2024-08-01 15:07:11.266 [info] > git status -z -uall [2ms]
2024-08-01 15:07:11.273 [info] > git for-each-ref --format=%(refname)%00%(upstream:short)%00%(objectname)%00%(upstream:track)%00%(upstream:remotename)%00%(upstream:remoteref) refs/heads/main refs/remotes/main [2ms]
2024-08-01 15:07:11.280 [info] > git config --local branch.main.vscode-merge-base [2ms]
2024-08-01 15:07:11.286 [info] > git for-each-ref --format=%(refname)%00%(upstream:short)%00%(objectname)%00%(upstream:track)%00%(upstream:remotename)%00%(upstream:remoteref) refs/heads/origin/main refs/remotes/origin/main [1ms]
2024-08-01 15:07:16.287 [info] > git config --get commit.template [6ms]
2024-08-01 15:07:16.289 [info] > git for-each-ref --format=%(refname)%00%(upstream:short)%00%(objectname)%00%(upstream:track)%00%(upstream:remotename)%00%(upstream:remoteref) refs/heads/main refs/remotes/main [3ms]
2024-08-01 15:07:16.294 [warning] ENOENT: no such file or directory, open '/workspace/project/.git/refs/remotes/origin/main'
2024-08-01 15:07:16.296 [info] > git rev-parse refs/remotes/origin/main [2ms]
2024-08-01 15:07:16.303 [info] > git status -z -uall [3ms]
2024-08-01 15:07:16.312 [info] > git for-each-ref --format=%(refname)%00%(upstream:short)%00%(objectname)%00%(upstream:track)%00%(upstream:remotename)%00%(upstream:remoteref) refs/heads/main refs/remotes/main [3ms]
2024-08-01 15:07:16.318 [info] > git config --local branch.main.vscode-merge-base [1ms]
2024-08-01 15:07:16.326 [info] > git for-each-ref --format=%(refname)%00%(upstream:short)%00%(objectname)%00%(upstream:track)%00%(upstream:remotename)%00%(upstream:remoteref) refs/heads/origin/main refs/remotes/origin/main [2ms]
2024-08-01 15:07:16.370 [info] > git merge-base refs/heads/main refs/remotes/origin/main [38ms]
2024-08-01 15:07:16.378 [info] > git rev-list --count --left-right refs/heads/main...refs/remotes/origin/main [2ms]
2024-08-01 15:07:16.385 [info] > git diff --name-status -z --diff-filter=ADMR ebef6c6b5a5bd079e5abd81c2740b1261740ce15...refs/remotes/origin/main [2ms]
2024-08-01 15:07:16.611 [info] > git config --local branch.main.github-pr-owner-number [1ms]
2024-08-01 15:07:16.611 [warning] git config failed: Failed to execute git
2024-08-01 15:07:21.766 [info] > git config --get commit.template [6ms]
2024-08-01 15:07:21.768 [info] > git for-each-ref --format=%(refname)%00%(upstream:short)%00%(objectname)%00%(upstream:track)%00%(upstream:remotename)%00%(upstream:remoteref) refs/heads/main refs/remotes/main [3ms]
2024-08-01 15:07:21.773 [warning] ENOENT: no such file or directory, open '/workspace/project/.git/refs/remotes/origin/main'
2024-08-01 15:07:21.774 [info] > git rev-parse refs/remotes/origin/main [1ms]
2024-08-01 15:07:21.781 [info] > git status -z -uall [2ms]
2024-08-01 15:07:21.789 [info] > git for-each-ref --format=%(refname)%00%(upstream:short)%00%(objectname)%00%(upstream:track)%00%(upstream:remotename)%00%(upstream:remoteref) refs/heads/main refs/remotes/main [2ms]
2024-08-01 15:07:21.795 [info] > git config --local branch.main.vscode-merge-base [1ms]
2024-08-01 15:07:21.802 [info] > git for-each-ref --format=%(refname)%00%(upstream:short)%00%(objectname)%00%(upstream:track)%00%(upstream:remotename)%00%(upstream:remoteref) refs/heads/origin/main refs/remotes/origin/main [2ms]
2024-08-01 15:07:21.809 [info] > git merge-base refs/heads/main refs/remotes/origin/main [2ms]
2024-08-01 15:07:21.817 [info] > git rev-list --count --left-right refs/heads/main...refs/remotes/origin/main [2ms]
2024-08-01 15:07:21.824 [info] > git diff --name-status -z --diff-filter=ADMR ebef6c6b5a5bd079e5abd81c2740b1261740ce15...refs/remotes/origin/main [2ms]
2024-08-01 15:07:22.100 [info] > git config --local branch.main.github-pr-owner-number [2ms]
2024-08-01 15:07:22.100 [warning] git config failed: Failed to execute git
2024-08-01 15:07:26.805 [info] > git config --get commit.template [7ms]
2024-08-01 15:07:26.806 [info] > git for-each-ref --format=%(refname)%00%(upstream:short)%00%(objectname)%00%(upstream:track)%00%(upstream:remotename)%00%(upstream:remoteref) refs/heads/main refs/remotes/main [2ms]
2024-08-01 15:07:26.812 [warning] ENOENT: no such file or directory, open '/workspace/project/.git/refs/remotes/origin/main'
2024-08-01 15:07:26.813 [info] > git rev-parse refs/remotes/origin/main [2ms]
2024-08-01 15:07:26.821 [info] > git status -z -uall [2ms]
2024-08-01 15:07:26.831 [info] > git for-each-ref --format=%(refname)%00%(upstream:short)%00%(objectname)%00%(upstream:track)%00%(upstream:remotename)%00%(upstream:remoteref) refs/heads/main refs/remotes/main [3ms]
2024-08-01 15:07:26.840 [info] > git config --local branch.main.vscode-merge-base [1ms]
2024-08-01 15:07:26.849 [info] > git for-each-ref --format=%(refname)%00%(upstream:short)%00%(objectname)%00%(upstream:track)%00%(upstream:remotename)%00%(upstream:remoteref) refs/heads/origin/main refs/remotes/origin/main [2ms]
2024-08-01 15:07:35.146 [info] > git config --get commit.template [5ms]
2024-08-01 15:07:35.147 [info] > git for-each-ref --format=%(refname)%00%(upstream:short)%00%(objectname)%00%(upstream:track)%00%(upstream:remotename)%00%(upstream:remoteref) refs/heads/main refs/remotes/main [2ms]
2024-08-01 15:07:35.152 [warning] ENOENT: no such file or directory, open '/workspace/project/.git/refs/remotes/origin/main'
2024-08-01 15:07:35.153 [info] > git rev-parse refs/remotes/origin/main [1ms]
2024-08-01 15:07:35.160 [info] > git status -z -uall [2ms]
2024-08-01 15:07:35.169 [info] > git for-each-ref --format=%(refname)%00%(upstream:short)%00%(objectname)%00%(upstream:track)%00%(upstream:remotename)%00%(upstream:remoteref) refs/heads/main refs/remotes/main [2ms]
2024-08-01 15:07:35.175 [info] > git config --local branch.main.vscode-merge-base [1ms]
2024-08-01 15:07:35.181 [info] > git for-each-ref --format=%(refname)%00%(upstream:short)%00%(objectname)%00%(upstream:track)%00%(upstream:remotename)%00%(upstream:remoteref) refs/heads/origin/main refs/remotes/origin/main [2ms]
2024-08-01 15:12:09.193 [info] > git config --local branch.main.github-pr-owner-number [2ms]
2024-08-01 15:12:09.193 [warning] git config failed: Failed to execute git
