2024-08-01 15:39:28.909 [info] Extension host with pid 8278 started
2024-08-01 15:39:28.917 [info] Lock '/workspace/.vscode-remote/data/User/workspaceStorage/-65725030/vscode.lock': Lock acquired.
2024-08-01 15:39:29.478 [info] ExtensionService#_doActivateExtension gitpod.gitpod-web, startup: false, activationEvent: 'onAuthenticationRequest:gitpod'
2024-08-01 15:39:30.247 [info] ExtensionService#_doActivateExtension vscode.git-base, startup: true, activationEvent: '*', root cause: vscode.git
2024-08-01 15:39:30.593 [info] ExtensionService#_doActivateExtension vscode.git, startup: true, activationEvent: '*'
2024-08-01 15:39:30.594 [info] ExtensionService#_doActivateExtension vscode.github, startup: true, activationEvent: '*'
2024-08-01 15:39:31.432 [info] Eager extensions activated
2024-08-01 15:39:31.432 [info] ExtensionService#_doActivateExtension vscode.debug-auto-launch, startup: false, activationEvent: 'onStartupFinished'
2024-08-01 15:39:31.433 [info] ExtensionService#_doActivateExtension vscode.merge-conflict, startup: false, activationEvent: 'onStartupFinished'
2024-08-01 15:39:31.433 [info] ExtensionService#_doActivateExtension vscode.github-authentication, startup: false, activationEvent: 'onStartupFinished', root cause: GitHub.vscode-pull-request-github
2024-08-01 15:39:31.739 [info] ExtensionService#_doActivateExtension GitHub.vscode-pull-request-github, startup: false, activationEvent: 'onStartupFinished'
2024-08-01 15:39:32.982 [info] ExtensionService#_doActivateExtension vscode.configuration-editing, startup: false, activationEvent: 'onLanguage:jsonc'
2024-08-01 15:39:32.983 [info] ExtensionService#_doActivateExtension vscode.json-language-features, startup: false, activationEvent: 'onLanguage:jsonc'
2024-08-01 15:39:32.983 [info] ExtensionService#_doActivateExtension vscode.typescript-language-features, startup: false, activationEvent: 'onLanguage:jsonc'
2024-08-01 15:39:32.983 [info] ExtensionService#_doActivateExtension vscode.emmet, startup: false, activationEvent: 'onLanguage'
2024-08-01 15:39:44.387 [info] Extension host terminating: received terminate message from renderer
2024-08-01 15:39:44.387 [info] Lock '/workspace/.vscode-remote/data/User/workspaceStorage/-65725030/vscode.lock': Marking the lockfile as scheduled to be released in 6000 ms.
2024-08-01 15:39:44.405 [error] Canceled: Canceled
	at new I (/ide/out/vs/workbench/api/node/extensionHostProcess.js:144:34990)
	at S.U (/ide/out/vs/workbench/api/node/extensionHostProcess.js:151:6023)
	at z.<computed>.F.charCodeAt.T.CharCode.DollarSign.z.<computed> (/ide/out/vs/workbench/api/node/extensionHostProcess.js:151:3107)
	at f.g (/ide/out/vs/workbench/api/node/extensionHostProcess.js:154:203861)
	at f.executeCommand (/ide/out/vs/workbench/api/node/extensionHostProcess.js:154:203299)
	at A.registerCommand.description (/ide/out/vs/workbench/api/node/extensionHostProcess.js:154:202623)
	at f.h (/ide/out/vs/workbench/api/node/extensionHostProcess.js:154:204400)
	at f.g (/ide/out/vs/workbench/api/node/extensionHostProcess.js:154:203392)
	at f.executeCommand (/ide/out/vs/workbench/api/node/extensionHostProcess.js:154:203299)
	at Object.executeCommand (/ide/out/vs/workbench/api/node/extensionHostProcess.js:164:23051)
	at W2.reset (/workspace/.vscode-remote/extensions/github.vscode-pull-request-github-0.92.0-universal/dist/extension.js:2199:9009)
	at W2.dispose (/workspace/.vscode-remote/extensions/github.vscode-pull-request-github-0.92.0-universal/dist/extension.js:2199:9280)
	at d (/ide/out/vs/workbench/api/node/extensionHostProcess.js:30:744)
	at m.eb (/ide/out/vs/workbench/api/node/extensionHostProcess.js:160:10039)
	at /ide/out/vs/workbench/api/node/extensionHostProcess.js:160:7915
	at Array.map (<anonymous>)
	at m.$ (/ide/out/vs/workbench/api/node/extensionHostProcess.js:160:7902)
	at m.terminate (/ide/out/vs/workbench/api/node/extensionHostProcess.js:160:8175)
	at d.terminate (/ide/out/vs/workbench/api/node/extensionHostProcess.js:164:1513)
	at i (/ide/out/vs/workbench/api/node/extensionHostProcess.js:177:10617)
	at n.value (/ide/out/vs/workbench/api/node/extensionHostProcess.js:177:8585)
	at r.B (/ide/out/vs/workbench/api/node/extensionHostProcess.js:83:737)
	at r.fire (/ide/out/vs/workbench/api/node/extensionHostProcess.js:83:954)
	at o.fire (/ide/out/vs/workbench/api/node/extensionHostProcess.js:108:14502)
	at f.z (/ide/out/vs/workbench/api/node/extensionHostProcess.js:108:17638)
	at n.value (/ide/out/vs/workbench/api/node/extensionHostProcess.js:108:16019)
	at r.B (/ide/out/vs/workbench/api/node/extensionHostProcess.js:83:737)
	at r.fire (/ide/out/vs/workbench/api/node/extensionHostProcess.js:83:954)
	at m.acceptChunk (/ide/out/vs/workbench/api/node/extensionHostProcess.js:108:12248)
	at n.value (/ide/out/vs/workbench/api/node/extensionHostProcess.js:108:11518)
	at r.B (/ide/out/vs/workbench/api/node/extensionHostProcess.js:83:737)
	at r.fire (/ide/out/vs/workbench/api/node/extensionHostProcess.js:83:954)
	at o.z (/ide/out/vs/workbench/api/node/extensionHostProcess.js:174:21438) setContext undefined
2024-08-01 15:39:44.407 [info] Extension host with pid 8278 exiting with code 0
