2024-08-01 15:39:53.922 [info] Log level: Info
2024-08-01 15:39:53.922 [info] VSCODE_MACHINE_ID: someValue.machineId
2024-08-01 15:39:53.922 [info] VSCODE_SESSION_ID: someValue.sessionId
2024-08-01 15:39:53.922 [info] VSCODE_VERSION: 1.91.1
2024-08-01 15:39:53.922 [info] VSCODE_APP_NAME: Gitpod Code
2024-08-01 15:39:53.922 [info] VSCODE_APP_HOST: Gitpod
2024-08-01 15:39:53.922 [info] VSCODE_UI_KIND: web
2024-08-01 15:39:53.922 [info] GITPOD_WORKSPACE_CONTEXT_URL: https://github.com/freeCodeCamp/learn-celestial-bodies-database
2024-08-01 15:39:53.922 [info] GITPOD_INSTANCE_ID: b5ba72c0-e757-40be-8d6f-9a9cd380332b
2024-08-01 15:39:53.922 [info] GITPOD_WORKSPACE_URL: https://freecodecam-learncelest-dlzighvyhsw.ws-us115.gitpod.io
2024-08-01 15:39:53.922 [info] Gitpod Web 7ff72a2
2024-08-01 15:39:53.922 [info] Reading sessions from keychain...
2024-08-01 15:39:54.209 [info] Getting sessions for all scopes...
2024-08-01 15:39:54.209 [info] Getting GitHub sessions for all scopes...
2024-08-01 15:39:54.209 [info] Getting sessions for function:accessCodeSyncStorage...
2024-08-01 15:39:54.209 [info] Got stored sessions!
2024-08-01 15:39:54.209 [info] Verified session with the following scopes: function:accessCodeSyncStorage function:closePort function:controlAdmission function:deleteEnvVar function:generateNewGitpodToken function:getDefaultWorkspaceImage function:getEnvVars function:getGitpodTokenScopes function:getIDToken function:getLoggedInUser function:getOpenPorts function:getSupportedWorkspaceClasses function:getTeams function:getToken function:getWorkspace function:getWorkspaceEnvVars function:getWorkspaceOwner function:getWorkspaceTimeout function:getWorkspaceUsers function:guessGitTokenScopes function:isWorkspaceOwner function:openPort function:sendHeartBeat function:setEnvVar function:setWorkspaceTimeout function:stopWorkspace function:takeSnapshot function:trackEvent function:updateGitStatus function:waitForSnapshot resource:contentBlob::*::create/get resource:envVar::freeCodeCamp/learn-celestial-bodies-database::create/get/update/delete resource:gitpodToken::*::create resource:snapshot::ws-freecodecam-learncelest-dlzighvyhsw::create resource:token::*::get resource:userStorage::*::create/get/update resource:workspace::freecodecam-learncelest-dlzighvyhsw::get/update resource:workspaceInstance::b5ba72c0-e757-40be-8d6f-9a9cd380332b::get/update/delete
2024-08-01 15:39:54.209 [info] Got 1 verified sessions.
2024-08-01 15:39:54.210 [info] Got 1 sessions for all scopes...
2024-08-01 15:39:54.210 [info] Got 1 sessions for function:accessCodeSyncStorage...
2024-08-01 15:39:54.288 [info] Got 1 GitHub sessions for all scopes...
2024-08-01 15:39:54.563 [info] Getting sessions for all scopes...
2024-08-01 15:39:54.563 [info] Got 1 sessions for all scopes...
2024-08-01 15:39:54.594 [info] Getting GitHub sessions for all scopes...
2024-08-01 15:39:54.594 [info] Got 1 GitHub sessions for all scopes...
2024-08-01 15:39:55.222 [info] Getting GitHub sessions for read:user,repo,user:email,workflow...
2024-08-01 15:39:55.223 [info] Got 0 GitHub sessions for read:user,repo,user:email,workflow...
2024-08-01 15:39:56.283 [info] Getting GitHub sessions for project,read:org,read:user,repo,user:email,workflow...
2024-08-01 15:39:56.283 [info] Got 0 GitHub sessions for project,read:org,read:user,repo,user:email,workflow...
2024-08-01 15:39:57.167 [info] Getting GitHub sessions for read:user,repo,user:email,workflow...
2024-08-01 15:39:57.167 [info] Got 0 GitHub sessions for read:user,repo,user:email,workflow...
2024-08-01 15:39:58.053 [info] Getting GitHub sessions for read:user,repo,user:email...
2024-08-01 15:39:58.053 [info] Got 0 GitHub sessions for read:user,repo,user:email...
2024-08-01 15:39:58.853 [info] Getting GitHub sessions for read:user,repo,user:email,workflow...
2024-08-01 15:39:58.853 [info] Got 0 GitHub sessions for read:user,repo,user:email,workflow...
