2024-08-01 15:13:54.714 [info] Log level: Info
2024-08-01 15:13:54.714 [info] Validating found git in: "git"
2024-08-01 15:13:54.714 [info] Using git "2.43.0" from "git"
2024-08-01 15:13:54.714 [info] > git rev-parse --show-toplevel [3ms]
2024-08-01 15:13:54.714 [info] > git rev-parse --git-dir --git-common-dir [3ms]
2024-08-01 15:13:54.714 [info] Open repository: /workspace/project
2024-08-01 15:13:54.714 [info] > git config --get commit.template [8ms]
2024-08-01 15:13:54.714 [info] > git rev-parse --show-toplevel [147ms]
2024-08-01 15:13:54.714 [info] > git for-each-ref --format=%(refname)%00%(upstream:short)%00%(objectname)%00%(upstream:track)%00%(upstream:remotename)%00%(upstream:remoteref) refs/heads/main refs/remotes/main [9ms]
2024-08-01 15:13:54.714 [info] > git rev-parse --show-toplevel [3ms]
2024-08-01 15:13:54.714 [warning] ENOENT: no such file or directory, open '/workspace/project/.git/refs/remotes/origin/main'
2024-08-01 15:13:54.714 [info] > git rev-parse refs/remotes/origin/main [30ms]
2024-08-01 15:13:54.714 [info] > git status -z -uall [4ms]
2024-08-01 15:13:54.714 [info] > git for-each-ref --format=%(refname)%00%(upstream:short)%00%(objectname)%00%(upstream:track)%00%(upstream:remotename)%00%(upstream:remoteref) refs/heads/main refs/remotes/main [16ms]
2024-08-01 15:13:54.714 [info] > git config --get commit.template [9ms]
2024-08-01 15:13:54.714 [info] > git config --local branch.main.vscode-merge-base [3ms]
2024-08-01 15:13:54.714 [info] > git for-each-ref --format=%(refname)%00%(upstream:short)%00%(objectname)%00%(upstream:track)%00%(upstream:remotename)%00%(upstream:remoteref) refs/heads/origin/main refs/remotes/origin/main [8ms]
2024-08-01 15:13:54.714 [info] > git for-each-ref --format=%(refname)%00%(upstream:short)%00%(objectname)%00%(upstream:track)%00%(upstream:remotename)%00%(upstream:remoteref) refs/heads/main refs/remotes/main [10ms]
2024-08-01 15:13:54.714 [warning] ENOENT: no such file or directory, open '/workspace/project/.git/refs/remotes/origin/main'
2024-08-01 15:13:54.714 [info] > git merge-base refs/heads/main refs/remotes/origin/main [18ms]
2024-08-01 15:13:54.714 [info] > git rev-parse refs/remotes/origin/main [10ms]
2024-08-01 15:13:54.715 [info] > git rev-list --count --left-right refs/heads/main...refs/remotes/origin/main [12ms]
2024-08-01 15:13:54.737 [info] > git status -z -uall [25ms]
2024-08-01 15:13:54.738 [info] > git diff --name-status -z --diff-filter=ADMR ebef6c6b5a5bd079e5abd81c2740b1261740ce15...refs/remotes/origin/main [16ms]
2024-08-01 15:13:54.751 [info] > git for-each-ref --format=%(refname)%00%(upstream:short)%00%(objectname)%00%(upstream:track)%00%(upstream:remotename)%00%(upstream:remoteref) refs/heads/main refs/remotes/main [3ms]
2024-08-01 15:13:54.804 [info] > git config --local branch.main.vscode-merge-base [44ms]
2024-08-01 15:13:54.817 [info] > git for-each-ref --format=%(refname)%00%(upstream:short)%00%(objectname)%00%(upstream:track)%00%(upstream:remotename)%00%(upstream:remoteref) refs/heads/origin/main refs/remotes/origin/main [7ms]
2024-08-01 15:13:57.030 [info] > git config --get commit.template [13ms]
2024-08-01 15:13:57.032 [info] > git for-each-ref --format=%(refname)%00%(upstream:short)%00%(objectname)%00%(upstream:track)%00%(upstream:remotename)%00%(upstream:remoteref) refs/heads/main refs/remotes/main [4ms]
2024-08-01 15:13:57.039 [warning] ENOENT: no such file or directory, open '/workspace/project/.git/refs/remotes/origin/main'
2024-08-01 15:13:57.057 [info] > git rev-parse refs/remotes/origin/main [18ms]
2024-08-01 15:13:57.074 [info] > git status -z -uall [7ms]
2024-08-01 15:13:57.089 [info] > git for-each-ref --format=%(refname)%00%(upstream:short)%00%(objectname)%00%(upstream:track)%00%(upstream:remotename)%00%(upstream:remoteref) refs/heads/main refs/remotes/main [4ms]
2024-08-01 15:13:57.106 [info] > git config --local branch.main.vscode-merge-base [3ms]
2024-08-01 15:13:57.118 [info] > git for-each-ref --format=%(refname)%00%(upstream:short)%00%(objectname)%00%(upstream:track)%00%(upstream:remotename)%00%(upstream:remoteref) refs/heads/origin/main refs/remotes/origin/main [3ms]
2024-08-01 15:13:59.403 [info] > git config --local branch.main.github-pr-owner-number [2ms]
2024-08-01 15:13:59.403 [warning] git config failed: Failed to execute git
2024-08-01 15:17:23.430 [info] > git config --get commit.template [7ms]
2024-08-01 15:17:23.430 [info] > git for-each-ref --format=%(refname)%00%(upstream:short)%00%(objectname)%00%(upstream:track)%00%(upstream:remotename)%00%(upstream:remoteref) refs/heads/main refs/remotes/main [2ms]
2024-08-01 15:17:23.436 [warning] ENOENT: no such file or directory, open '/workspace/project/.git/refs/remotes/origin/main'
2024-08-01 15:17:23.438 [info] > git rev-parse refs/remotes/origin/main [2ms]
2024-08-01 15:17:23.446 [info] > git status -z -uall [2ms]
2024-08-01 15:17:23.456 [info] > git for-each-ref --format=%(refname)%00%(upstream:short)%00%(objectname)%00%(upstream:track)%00%(upstream:remotename)%00%(upstream:remoteref) refs/heads/main refs/remotes/main [3ms]
2024-08-01 15:17:23.464 [info] > git config --local branch.main.vscode-merge-base [2ms]
2024-08-01 15:17:23.472 [info] > git for-each-ref --format=%(refname)%00%(upstream:short)%00%(objectname)%00%(upstream:track)%00%(upstream:remotename)%00%(upstream:remoteref) refs/heads/origin/main refs/remotes/origin/main [2ms]
2024-08-01 15:17:43.698 [info] > git config --get commit.template [6ms]
2024-08-01 15:17:43.700 [info] > git for-each-ref --format=%(refname)%00%(upstream:short)%00%(objectname)%00%(upstream:track)%00%(upstream:remotename)%00%(upstream:remoteref) refs/heads/main refs/remotes/main [3ms]
2024-08-01 15:17:43.707 [warning] ENOENT: no such file or directory, open '/workspace/project/.git/refs/remotes/origin/main'
2024-08-01 15:17:43.709 [info] > git rev-parse refs/remotes/origin/main [2ms]
2024-08-01 15:17:43.719 [info] > git status -z -uall [3ms]
2024-08-01 15:17:43.731 [info] > git for-each-ref --format=%(refname)%00%(upstream:short)%00%(objectname)%00%(upstream:track)%00%(upstream:remotename)%00%(upstream:remoteref) refs/heads/main refs/remotes/main [3ms]
2024-08-01 15:17:43.742 [info] > git config --local branch.main.vscode-merge-base [2ms]
2024-08-01 15:17:43.751 [info] > git for-each-ref --format=%(refname)%00%(upstream:short)%00%(objectname)%00%(upstream:track)%00%(upstream:remotename)%00%(upstream:remoteref) refs/heads/origin/main refs/remotes/origin/main [2ms]
2024-08-01 15:18:05.939 [info] > git config --get commit.template [6ms]
2024-08-01 15:18:05.939 [info] > git for-each-ref --format=%(refname)%00%(upstream:short)%00%(objectname)%00%(upstream:track)%00%(upstream:remotename)%00%(upstream:remoteref) refs/heads/main refs/remotes/main [2ms]
2024-08-01 15:18:05.947 [info] > git status -z -uall [3ms]
2024-08-01 15:18:05.954 [info] > git for-each-ref --format=%(refname)%00%(upstream:short)%00%(objectname)%00%(upstream:track)%00%(upstream:remotename)%00%(upstream:remoteref) refs/heads/main refs/remotes/main [2ms]
2024-08-01 15:18:05.960 [info] > git config --local branch.main.vscode-merge-base [1ms]
2024-08-01 15:18:05.960 [warning] git config failed: Failed to execute git
2024-08-01 15:18:05.967 [info] > git reflog main --grep-reflog=branch: Created from *. [2ms]
2024-08-01 15:18:05.973 [info] > git symbolic-ref --short refs/remotes/origin/HEAD [1ms]
2024-08-01 15:18:05.980 [info] > git for-each-ref --format=%(refname)%00%(upstream:short)%00%(objectname)%00%(upstream:track)%00%(upstream:remotename)%00%(upstream:remoteref) refs/heads/origin/main refs/remotes/origin/main [2ms]
2024-08-01 15:18:05.987 [info] > git config --local branch.main.vscode-merge-base origin/main [1ms]
2024-08-01 15:18:05.997 [info] > git config --get commit.template [5ms]
2024-08-01 15:18:05.998 [info] > git for-each-ref --format=%(refname)%00%(upstream:short)%00%(objectname)%00%(upstream:track)%00%(upstream:remotename)%00%(upstream:remoteref) refs/heads/main refs/remotes/main [2ms]
2024-08-01 15:18:06.006 [info] > git status -z -uall [3ms]
2024-08-01 15:18:06.015 [info] > git for-each-ref --format=%(refname)%00%(upstream:short)%00%(objectname)%00%(upstream:track)%00%(upstream:remotename)%00%(upstream:remoteref) refs/heads/main refs/remotes/main [2ms]
2024-08-01 15:18:06.023 [info] > git config --local branch.main.vscode-merge-base [2ms]
2024-08-01 15:18:06.031 [info] > git for-each-ref --format=%(refname)%00%(upstream:short)%00%(objectname)%00%(upstream:track)%00%(upstream:remotename)%00%(upstream:remoteref) refs/heads/origin/main refs/remotes/origin/main [2ms]
2024-08-01 15:18:06.314 [info] > git config --local branch.main.github-pr-owner-number [2ms]
2024-08-01 15:18:06.314 [warning] git config failed: Failed to execute git
2024-08-01 15:18:06.322 [info] > git config --local branch.main.remote [2ms]
2024-08-01 15:18:06.322 [warning] git config failed: Failed to execute git
2024-08-01 15:18:06.331 [info] > git config --local branch.main.merge [3ms]
2024-08-01 15:18:06.331 [warning] git config failed: Failed to execute git
2024-08-01 15:18:10.965 [info] > git config --get commit.template [5ms]
2024-08-01 15:18:10.967 [info] > git for-each-ref --format=%(refname)%00%(upstream:short)%00%(objectname)%00%(upstream:track)%00%(upstream:remotename)%00%(upstream:remoteref) refs/heads/main refs/remotes/main [2ms]
2024-08-01 15:18:10.974 [info] > git status -z -uall [3ms]
2024-08-01 15:18:10.980 [info] > git for-each-ref --format=%(refname)%00%(upstream:short)%00%(objectname)%00%(upstream:track)%00%(upstream:remotename)%00%(upstream:remoteref) refs/heads/main refs/remotes/main [1ms]
2024-08-01 15:18:10.986 [info] > git config --local branch.main.vscode-merge-base [1ms]
2024-08-01 15:18:10.993 [info] > git for-each-ref --format=%(refname)%00%(upstream:short)%00%(objectname)%00%(upstream:track)%00%(upstream:remotename)%00%(upstream:remoteref) refs/heads/origin/main refs/remotes/origin/main [2ms]
2024-08-01 15:18:26.748 [info] > git config --get commit.template [6ms]
2024-08-01 15:18:26.748 [info] > git for-each-ref --format=%(refname)%00%(upstream:short)%00%(objectname)%00%(upstream:track)%00%(upstream:remotename)%00%(upstream:remoteref) refs/heads/main refs/remotes/main [2ms]
2024-08-01 15:18:26.757 [info] > git status -z -uall [3ms]
2024-08-01 15:18:26.765 [info] > git for-each-ref --format=%(refname)%00%(upstream:short)%00%(objectname)%00%(upstream:track)%00%(upstream:remotename)%00%(upstream:remoteref) refs/heads/main refs/remotes/main [2ms]
2024-08-01 15:18:26.773 [info] > git config --local branch.main.vscode-merge-base [2ms]
2024-08-01 15:18:26.781 [info] > git for-each-ref --format=%(refname)%00%(upstream:short)%00%(objectname)%00%(upstream:track)%00%(upstream:remotename)%00%(upstream:remoteref) refs/heads/origin/main refs/remotes/origin/main [2ms]
2024-08-01 15:18:28.212 [info] > git check-ignore -v -z --stdin [2ms]
2024-08-01 15:18:33.961 [info] > git show --textconv :.gitpod.yml [6ms]
2024-08-01 15:18:33.962 [info] > git ls-files --stage -- /workspace/project/.gitpod.yml [1ms]
2024-08-01 15:18:34.137 [info] > git config --get commit.template [6ms]
2024-08-01 15:18:34.138 [info] > git for-each-ref --format=%(refname)%00%(upstream:short)%00%(objectname)%00%(upstream:track)%00%(upstream:remotename)%00%(upstream:remoteref) refs/heads/main refs/remotes/main [2ms]
2024-08-01 15:18:34.145 [info] > git status -z -uall [3ms]
2024-08-01 15:18:34.153 [info] > git for-each-ref --format=%(refname)%00%(upstream:short)%00%(objectname)%00%(upstream:track)%00%(upstream:remotename)%00%(upstream:remoteref) refs/heads/main refs/remotes/main [2ms]
2024-08-01 15:18:34.160 [info] > git config --local branch.main.vscode-merge-base [1ms]
2024-08-01 15:18:34.167 [info] > git for-each-ref --format=%(refname)%00%(upstream:short)%00%(objectname)%00%(upstream:track)%00%(upstream:remotename)%00%(upstream:remoteref) refs/heads/origin/main refs/remotes/origin/main [1ms]
2024-08-01 15:18:47.964 [info] > git config --get commit.template [7ms]
2024-08-01 15:18:47.965 [info] > git for-each-ref --format=%(refname)%00%(upstream:short)%00%(objectname)%00%(upstream:track)%00%(upstream:remotename)%00%(upstream:remoteref) refs/heads/main refs/remotes/main [2ms]
2024-08-01 15:18:47.974 [info] > git status -z -uall [3ms]
2024-08-01 15:18:47.982 [info] > git for-each-ref --format=%(refname)%00%(upstream:short)%00%(objectname)%00%(upstream:track)%00%(upstream:remotename)%00%(upstream:remoteref) refs/heads/main refs/remotes/main [2ms]
2024-08-01 15:18:47.989 [info] > git config --local branch.main.vscode-merge-base [2ms]
2024-08-01 15:18:47.996 [info] > git for-each-ref --format=%(refname)%00%(upstream:short)%00%(objectname)%00%(upstream:track)%00%(upstream:remotename)%00%(upstream:remoteref) refs/heads/origin/main refs/remotes/origin/main [2ms]
2024-08-01 15:18:59.115 [info] > git config --local branch.main.github-pr-owner-number [2ms]
2024-08-01 15:18:59.115 [warning] git config failed: Failed to execute git
2024-08-01 15:19:04.507 [info] > git config --get commit.template [6ms]
2024-08-01 15:19:04.508 [info] > git for-each-ref --format=%(refname)%00%(upstream:short)%00%(objectname)%00%(upstream:track)%00%(upstream:remotename)%00%(upstream:remoteref) refs/heads/main refs/remotes/main [2ms]
2024-08-01 15:19:04.515 [info] > git status -z -uall [2ms]
2024-08-01 15:19:04.522 [info] > git for-each-ref --format=%(refname)%00%(upstream:short)%00%(objectname)%00%(upstream:track)%00%(upstream:remotename)%00%(upstream:remoteref) refs/heads/main refs/remotes/main [1ms]
2024-08-01 15:19:04.529 [info] > git config --local branch.main.vscode-merge-base [1ms]
2024-08-01 15:19:04.535 [info] > git for-each-ref --format=%(refname)%00%(upstream:short)%00%(objectname)%00%(upstream:track)%00%(upstream:remotename)%00%(upstream:remoteref) refs/heads/origin/main refs/remotes/origin/main [1ms]
2024-08-01 15:19:11.230 [info] > git config --get commit.template [7ms]
2024-08-01 15:19:11.231 [info] > git for-each-ref --format=%(refname)%00%(upstream:short)%00%(objectname)%00%(upstream:track)%00%(upstream:remotename)%00%(upstream:remoteref) refs/heads/main refs/remotes/main [2ms]
2024-08-01 15:19:11.239 [info] > git status -z -uall [3ms]
2024-08-01 15:19:11.247 [info] > git for-each-ref --format=%(refname)%00%(upstream:short)%00%(objectname)%00%(upstream:track)%00%(upstream:remotename)%00%(upstream:remoteref) refs/heads/main refs/remotes/main [2ms]
2024-08-01 15:19:11.254 [info] > git config --local branch.main.vscode-merge-base [2ms]
2024-08-01 15:19:11.254 [warning] git config failed: Failed to execute git
2024-08-01 15:19:11.263 [info] > git reflog main --grep-reflog=branch: Created from *. [3ms]
2024-08-01 15:19:11.270 [info] > git symbolic-ref --short refs/remotes/origin/HEAD [2ms]
2024-08-01 15:19:11.278 [info] > git for-each-ref --format=%(refname)%00%(upstream:short)%00%(objectname)%00%(upstream:track)%00%(upstream:remotename)%00%(upstream:remoteref) refs/heads/origin/main refs/remotes/origin/main [2ms]
2024-08-01 15:19:11.286 [info] > git config --local branch.main.vscode-merge-base origin/main [2ms]
2024-08-01 15:19:11.298 [info] > git config --get commit.template [7ms]
2024-08-01 15:19:11.300 [info] > git for-each-ref --format=%(refname)%00%(upstream:short)%00%(objectname)%00%(upstream:track)%00%(upstream:remotename)%00%(upstream:remoteref) refs/heads/main refs/remotes/main [2ms]
2024-08-01 15:19:11.309 [info] > git status -z -uall [4ms]
2024-08-01 15:19:11.317 [info] > git for-each-ref --format=%(refname)%00%(upstream:short)%00%(objectname)%00%(upstream:track)%00%(upstream:remotename)%00%(upstream:remoteref) refs/heads/main refs/remotes/main [3ms]
2024-08-01 15:19:11.324 [info] > git config --local branch.main.vscode-merge-base [1ms]
2024-08-01 15:19:11.331 [info] > git for-each-ref --format=%(refname)%00%(upstream:short)%00%(objectname)%00%(upstream:track)%00%(upstream:remotename)%00%(upstream:remoteref) refs/heads/origin/main refs/remotes/origin/main [1ms]
2024-08-01 15:19:16.257 [info] > git config --get commit.template [6ms]
2024-08-01 15:19:16.258 [info] > git for-each-ref --format=%(refname)%00%(upstream:short)%00%(objectname)%00%(upstream:track)%00%(upstream:remotename)%00%(upstream:remoteref) refs/heads/main refs/remotes/main [2ms]
2024-08-01 15:19:16.266 [info] > git status -z -uall [3ms]
2024-08-01 15:19:16.273 [info] > git for-each-ref --format=%(refname)%00%(upstream:short)%00%(objectname)%00%(upstream:track)%00%(upstream:remotename)%00%(upstream:remoteref) refs/heads/main refs/remotes/main [2ms]
2024-08-01 15:19:16.280 [info] > git config --local branch.main.vscode-merge-base [2ms]
2024-08-01 15:19:16.287 [info] > git for-each-ref --format=%(refname)%00%(upstream:short)%00%(objectname)%00%(upstream:track)%00%(upstream:remotename)%00%(upstream:remoteref) refs/heads/origin/main refs/remotes/origin/main [2ms]
2024-08-01 15:21:07.081 [info] > git config --get commit.template [8ms]
2024-08-01 15:21:07.081 [info] > git for-each-ref --format=%(refname)%00%(upstream:short)%00%(objectname)%00%(upstream:track)%00%(upstream:remotename)%00%(upstream:remoteref) refs/heads/main refs/remotes/main [2ms]
2024-08-01 15:21:07.090 [info] > git status -z -uall [3ms]
2024-08-01 15:21:07.098 [info] > git for-each-ref --format=%(refname)%00%(upstream:short)%00%(objectname)%00%(upstream:track)%00%(upstream:remotename)%00%(upstream:remoteref) refs/heads/main refs/remotes/main [2ms]
2024-08-01 15:21:07.105 [info] > git config --local branch.main.vscode-merge-base [1ms]
2024-08-01 15:21:07.105 [warning] git config failed: Failed to execute git
2024-08-01 15:21:07.113 [info] > git reflog main --grep-reflog=branch: Created from *. [2ms]
2024-08-01 15:21:07.120 [info] > git symbolic-ref --short refs/remotes/origin/HEAD [2ms]
2024-08-01 15:21:07.127 [info] > git for-each-ref --format=%(refname)%00%(upstream:short)%00%(objectname)%00%(upstream:track)%00%(upstream:remotename)%00%(upstream:remoteref) refs/heads/origin/main refs/remotes/origin/main [2ms]
2024-08-01 15:21:07.134 [info] > git config --local branch.main.vscode-merge-base origin/main [1ms]
2024-08-01 15:21:07.146 [info] > git config --get commit.template [6ms]
2024-08-01 15:21:07.147 [info] > git for-each-ref --format=%(refname)%00%(upstream:short)%00%(objectname)%00%(upstream:track)%00%(upstream:remotename)%00%(upstream:remoteref) refs/heads/main refs/remotes/main [1ms]
2024-08-01 15:21:07.156 [info] > git status -z -uall [3ms]
2024-08-01 15:21:07.163 [info] > git for-each-ref --format=%(refname)%00%(upstream:short)%00%(objectname)%00%(upstream:track)%00%(upstream:remotename)%00%(upstream:remoteref) refs/heads/main refs/remotes/main [2ms]
2024-08-01 15:21:07.170 [info] > git config --local branch.main.vscode-merge-base [1ms]
2024-08-01 15:21:07.177 [info] > git for-each-ref --format=%(refname)%00%(upstream:short)%00%(objectname)%00%(upstream:track)%00%(upstream:remotename)%00%(upstream:remoteref) refs/heads/origin/main refs/remotes/origin/main [1ms]
2024-08-01 15:21:12.109 [info] > git config --get commit.template [5ms]
2024-08-01 15:21:12.111 [info] > git for-each-ref --format=%(refname)%00%(upstream:short)%00%(objectname)%00%(upstream:track)%00%(upstream:remotename)%00%(upstream:remoteref) refs/heads/main refs/remotes/main [2ms]
2024-08-01 15:21:12.118 [info] > git status -z -uall [2ms]
2024-08-01 15:21:12.125 [info] > git for-each-ref --format=%(refname)%00%(upstream:short)%00%(objectname)%00%(upstream:track)%00%(upstream:remotename)%00%(upstream:remoteref) refs/heads/main refs/remotes/main [2ms]
2024-08-01 15:21:12.131 [info] > git config --local branch.main.vscode-merge-base [1ms]
2024-08-01 15:21:12.138 [info] > git for-each-ref --format=%(refname)%00%(upstream:short)%00%(objectname)%00%(upstream:track)%00%(upstream:remotename)%00%(upstream:remoteref) refs/heads/origin/main refs/remotes/origin/main [2ms]
2024-08-01 15:23:59.123 [info] > git config --local branch.main.github-pr-owner-number [2ms]
2024-08-01 15:23:59.123 [warning] git config failed: Failed to execute git
2024-08-01 15:28:59.131 [info] > git config --local branch.main.github-pr-owner-number [1ms]
2024-08-01 15:28:59.131 [warning] git config failed: Failed to execute git
2024-08-01 15:31:45.619 [info] > git config --get commit.template [6ms]
2024-08-01 15:31:45.620 [info] > git for-each-ref --format=%(refname)%00%(upstream:short)%00%(objectname)%00%(upstream:track)%00%(upstream:remotename)%00%(upstream:remoteref) refs/heads/main refs/remotes/main [2ms]
2024-08-01 15:31:45.628 [info] > git status -z -uall [3ms]
2024-08-01 15:31:45.635 [info] > git for-each-ref --format=%(refname)%00%(upstream:short)%00%(objectname)%00%(upstream:track)%00%(upstream:remotename)%00%(upstream:remoteref) refs/heads/main refs/remotes/main [2ms]
2024-08-01 15:31:45.641 [info] > git config --local branch.main.vscode-merge-base [1ms]
2024-08-01 15:31:45.641 [warning] git config failed: Failed to execute git
2024-08-01 15:31:45.649 [info] > git reflog main --grep-reflog=branch: Created from *. [2ms]
2024-08-01 15:31:45.656 [info] > git symbolic-ref --short refs/remotes/origin/HEAD [2ms]
2024-08-01 15:31:45.662 [info] > git for-each-ref --format=%(refname)%00%(upstream:short)%00%(objectname)%00%(upstream:track)%00%(upstream:remotename)%00%(upstream:remoteref) refs/heads/origin/main refs/remotes/origin/main [2ms]
2024-08-01 15:31:45.669 [info] > git config --local branch.main.vscode-merge-base origin/main [2ms]
2024-08-01 15:31:45.679 [info] > git config --get commit.template [5ms]
2024-08-01 15:31:45.681 [info] > git for-each-ref --format=%(refname)%00%(upstream:short)%00%(objectname)%00%(upstream:track)%00%(upstream:remotename)%00%(upstream:remoteref) refs/heads/main refs/remotes/main [2ms]
2024-08-01 15:31:45.689 [info] > git status -z -uall [3ms]
2024-08-01 15:31:45.696 [info] > git for-each-ref --format=%(refname)%00%(upstream:short)%00%(objectname)%00%(upstream:track)%00%(upstream:remotename)%00%(upstream:remoteref) refs/heads/main refs/remotes/main [2ms]
2024-08-01 15:31:45.702 [info] > git config --local branch.main.vscode-merge-base [1ms]
2024-08-01 15:31:45.709 [info] > git for-each-ref --format=%(refname)%00%(upstream:short)%00%(objectname)%00%(upstream:track)%00%(upstream:remotename)%00%(upstream:remoteref) refs/heads/origin/main refs/remotes/origin/main [2ms]
2024-08-01 15:31:50.645 [info] > git config --get commit.template [6ms]
2024-08-01 15:31:50.646 [info] > git for-each-ref --format=%(refname)%00%(upstream:short)%00%(objectname)%00%(upstream:track)%00%(upstream:remotename)%00%(upstream:remoteref) refs/heads/main refs/remotes/main [2ms]
2024-08-01 15:31:50.654 [info] > git status -z -uall [3ms]
2024-08-01 15:31:50.662 [info] > git for-each-ref --format=%(refname)%00%(upstream:short)%00%(objectname)%00%(upstream:track)%00%(upstream:remotename)%00%(upstream:remoteref) refs/heads/main refs/remotes/main [2ms]
2024-08-01 15:31:50.668 [info] > git config --local branch.main.vscode-merge-base [1ms]
2024-08-01 15:31:50.675 [info] > git for-each-ref --format=%(refname)%00%(upstream:short)%00%(objectname)%00%(upstream:track)%00%(upstream:remotename)%00%(upstream:remoteref) refs/heads/origin/main refs/remotes/origin/main [2ms]
2024-08-01 15:33:59.139 [info] > git config --local branch.main.github-pr-owner-number [1ms]
2024-08-01 15:33:59.139 [warning] git config failed: Failed to execute git
2024-08-01 15:36:46.854 [info] > git config --get commit.template [6ms]
2024-08-01 15:36:46.855 [info] > git for-each-ref --format=%(refname)%00%(upstream:short)%00%(objectname)%00%(upstream:track)%00%(upstream:remotename)%00%(upstream:remoteref) refs/heads/main refs/remotes/main [2ms]
2024-08-01 15:36:46.862 [info] > git status -z -uall [3ms]
2024-08-01 15:36:46.868 [info] > git for-each-ref --format=%(refname)%00%(upstream:short)%00%(objectname)%00%(upstream:track)%00%(upstream:remotename)%00%(upstream:remoteref) refs/heads/main refs/remotes/main [1ms]
2024-08-01 15:36:46.874 [info] > git config --local branch.main.vscode-merge-base [1ms]
2024-08-01 15:36:46.880 [info] > git for-each-ref --format=%(refname)%00%(upstream:short)%00%(objectname)%00%(upstream:track)%00%(upstream:remotename)%00%(upstream:remoteref) refs/heads/origin/main refs/remotes/origin/main [1ms]
2024-08-01 15:38:59.147 [info] > git config --local branch.main.github-pr-owner-number [2ms]
2024-08-01 15:38:59.147 [warning] git config failed: Failed to execute git
