2024-08-01 15:13:55.433 [warning] /home/gitpod/.ssh/config: ENOENT: no such file or directory, open '/home/gitpod/.ssh/config'
2024-08-01 15:13:55.433 [info] Activation> Extension version: 0.92.0
2024-08-01 15:13:59.102 [info] Looking for git repository
2024-08-01 15:13:59.102 [info] Found 0 repositories during activation
2024-08-01 15:13:59.102 [info] Git repository found, initializing review manager and pr tree view.
2024-08-01 15:13:59.108 [info] Registering git provider
2024-08-01 15:13:59.108 [info] Review+0> Validate state in progress
2024-08-01 15:13:59.108 [info] Review+0> Validating state...
2024-08-01 15:13:59.389 [info] Found GitHub remote for folder /workspace/project
2024-08-01 15:13:59.391 [info] Trying to use globalState for assignableUsers.
2024-08-01 15:13:59.403 [info] Review+0> No matching pull request metadata found locally for current branch main
2024-08-01 15:13:59.404 [info] Review+0> No matching pull request metadata found on GitHub for current branch main
2024-08-01 15:13:59.676 [info] GlobalState does not exist for assignableUsers.
2024-08-01 15:17:23.454 [info] Repo state for file:///workspace/project changed.
2024-08-01 15:17:23.454 [info] Repo file:///workspace/project has already been setup.
2024-08-01 15:18:05.953 [info] Review+0> Validate state in progress
2024-08-01 15:18:05.953 [info] Review+0> Validating state...
2024-08-01 15:18:06.304 [info] Found GitHub remote for folder /workspace/project
2024-08-01 15:18:06.305 [info] Using in-memory cached assignable users.
2024-08-01 15:18:06.320 [info] Review+0> No matching pull request metadata found locally for current branch main
2024-08-01 15:18:06.332 [info] Review+0> No matching pull request metadata found on GitHub for current branch main
